07/27/97 10:01:47 DEBUG LogPerfData.C:89 prb.3_2     1 of  5 mdd       0    1   24 RBSet< Key, LessKey > find       asc    1000000  1000000 Times:  real: 15.554788 user: 15.350000 sys: 0.000000
TimeIt:
@(#) libStlUtils - 3.02.04
    TimeIt - ../arch/Unix/src/TimeIt.C - Compiled: Jul 25 1997 11:30:42
    CVS Tag: PROD_3_02
    $Id$
    Good
    real time diff:             15.554788
    user time diff:             15.350000
    sys time diff:               0.000000
    max rss diff:                0
    shared mem size diff:  2204260
    data size diff:         564880
    stack size diff:             0
    page reclaims diff:       7812
    page faults diff:            0
    swaps diff:                  0
    in block diff:               0
    out block diff:              0
    msgs sent diff:              0
    msgs rcvd diff:              0
    signals diff:                0
    vol ctx swt diff:            0
    invol ctx swt diff:         24

07/27/97 10:02:02 DEBUG LogPerfData.C:89 prb.3_2     2 of  5 mdd       0    1   24 RBSet< Key, LessKey > find       asc    1000000  1000000 Times:  real: 14.927831 user: 14.940000 sys: 0.000000
TimeIt:
@(#) libStlUtils - 3.02.04
    TimeIt - ../arch/Unix/src/TimeIt.C - Compiled: Jul 25 1997 11:30:42
    CVS Tag: PROD_3_02
    $Id$
    Good
    real time diff:             14.927831
    user time diff:             14.940000
    sys time diff:               0.000000
    max rss diff:                0
    shared mem size diff:  2145384
    data size diff:         555768
    stack size diff:             0
    page reclaims diff:          0
    page faults diff:            0
    swaps diff:                  0
    in block diff:               0
    out block diff:              0
    msgs sent diff:              0
    msgs rcvd diff:              0
    signals diff:                0
    vol ctx swt diff:            0
    invol ctx swt diff:          4

07/27/97 10:02:17 DEBUG LogPerfData.C:89 prb.3_2     3 of  5 mdd       0    1   24 RBSet< Key, LessKey > find       asc    1000000  1000000 Times:  real: 15.098755 user: 15.020000 sys: 0.000000
TimeIt:
@(#) libStlUtils - 3.02.04
    TimeIt - ../arch/Unix/src/TimeIt.C - Compiled: Jul 25 1997 11:30:42
    CVS Tag: PROD_3_02
    $Id$
    Good
    real time diff:             15.098755
    user time diff:             15.020000
    sys time diff:               0.000000
    max rss diff:                0
    shared mem size diff:  2156872
    data size diff:         558744
    stack size diff:             0
    page reclaims diff:          0
    page faults diff:            0
    swaps diff:                  0
    in block diff:               0
    out block diff:              0
    msgs sent diff:              0
    msgs rcvd diff:              0
    signals diff:                0
    vol ctx swt diff:            0
    invol ctx swt diff:         26

07/27/97 10:02:32 DEBUG LogPerfData.C:89 prb.3_2     4 of  5 mdd       0    1   24 RBSet< Key, LessKey > find       asc    1000000  1000000 Times:  real: 14.926180 user: 14.920000 sys: 0.000000
TimeIt:
@(#) libStlUtils - 3.02.04
    TimeIt - ../arch/Unix/src/TimeIt.C - Compiled: Jul 25 1997 11:30:42
    CVS Tag: PROD_3_02
    $Id$
    Good
    real time diff:             14.926180
    user time diff:             14.920000
    sys time diff:               0.000000
    max rss diff:                0
    shared mem size diff:  2142512
    data size diff:         555024
    stack size diff:             0
    page reclaims diff:          0
    page faults diff:            0
    swaps diff:                  0
    in block diff:               0
    out block diff:              0
    msgs sent diff:              0
    msgs rcvd diff:              0
    signals diff:                0
    vol ctx swt diff:            0
    invol ctx swt diff:          3

07/27/97 10:02:47 DEBUG LogPerfData.C:89 prb.3_2     5 of  5 mdd       0    1   24 RBSet< Key, LessKey > find       asc    1000000  1000000 Times:  real: 15.115773 user: 15.010000 sys: 0.000000
TimeIt:
@(#) libStlUtils - 3.02.04
    TimeIt - ../arch/Unix/src/TimeIt.C - Compiled: Jul 25 1997 11:30:42
    CVS Tag: PROD_3_02
    $Id$
    Good
    real time diff:             15.115773
    user time diff:             15.010000
    sys time diff:               0.000000
    max rss diff:                0
    shared mem size diff:  2155436
    data size diff:         558372
    stack size diff:             0
    page reclaims diff:          0
    page faults diff:            0
    swaps diff:                  0
    in block diff:               0
    out block diff:              0
    msgs sent diff:              0
    msgs rcvd diff:              0
    signals diff:                0
    vol ctx swt diff:            0
    invol ctx swt diff:         24

07/27/97 10:02:47 DEBUG PerfTable.INC:146 RBSet< Key, LessKey >:
@(#) libMdb - 1.01.01.a.01
    RBTreeBase - RBTreeBase.C - Compiled: Jul 25 1997 12:07:56
    CVS Tag: ALPHA_1_01
    $Id$
    Good
    table:Good
    table:mgr:Good
    table:mgr:mem::Good
    table:mgr:mem::MapMemDynamic::Good
    table:mgr:mem::MapMemDynamic::MapMem::Good
    table:mgr:mem::MapMemDynamic::MapMem::MapFile::Good
    table:mgr:mem::MapMemDynamic::MapMem::MapFile::name:          ../data/PerfRBSet.mdd.4.rbt
    table:mgr:mem::MapMemDynamic::MapMem::MapFile::perm:          -rw-rw-r--
    table:mgr:mem::MapMemDynamic::MapMem::MapFile::owner/group:   houghton/tools
    table:mgr:mem::MapMemDynamic::MapMem::MapFile::access:        R
    table:mgr:mem::MapMemDynamic::MapMem::MapFile::map size:      32002048
    table:mgr:mem::MapMemDynamic::MapMem::MapFile::base addr:     0x30000000
    table:mgr:mem::MapMemDynamic::MapMem::MapFile::end addr:      0x31e85000
    table:mgr:mem::MapMemDynamic::MapMem::MapFile::page size:     4096
    table:mgr:mem::MapMemDynamic::MapMem::version:  1296319493
    table:mgr:mem::MapMemDynamic::MapMem::type:     Dynamic addr
    table:mgr:mem::MapMemDynamic::MapMem::map to:   0x0
    table:mgr:mem::MapMemDynamic::MapMem::map size: 32002048
    table:mgr:mem::MapMemDynamic::MapMem::owner:    0
    table:mgr:mem::MapMemDynamic::allocCount:   1000001
    table:mgr:mem::MapMemDynamic::freeCount:    1
    table:mgr:mem::MapMemDynamic::key( 0):      132
    table:mgr:mem::minChunkSize: 32
    table:mgr:mem::allocSize:    4096
    table:mgr:mem::chunkSize:    32000036
    table:mgr:mem::freeSize:     1888
    table:mgr:mem::next:         124
    table:mgr:mem::prev:         32000160
    table:mgr:mem::freeNext:     32000160
    table:mgr:mem::freePrev:     32000160
    table:headerLoc:       132
    table:version:         1382437889
    table:count:           1000000
    table:first:           164
    table:last:            32000136

07/27/97 10:03:57 DEBUG LogPerfData.C:89 prb.3_2     1 of  5 mdd       0    1   24 RBSet< Key, LessKey > find       rand   1000000    10000 Times:  real: 0.795524 user: 0.800000 sys: 0.000000
TimeIt:
@(#) libStlUtils - 3.02.04
    TimeIt - ../arch/Unix/src/TimeIt.C - Compiled: Jul 25 1997 11:30:42
    CVS Tag: PROD_3_02
    $Id$
    Good
    real time diff:              0.795524
    user time diff:              0.800000
    sys time diff:               0.000000
    max rss diff:                0
    shared mem size diff:   114880
    data size diff:         667200
    stack size diff:             0
    page reclaims diff:       7473
    page faults diff:            0
    swaps diff:                  0
    in block diff:               0
    out block diff:              0
    msgs sent diff:              0
    msgs rcvd diff:              0
    signals diff:                0
    vol ctx swt diff:            0
    invol ctx swt diff:          0

07/27/97 10:03:59 DEBUG LogPerfData.C:89 prb.3_2     2 of  5 mdd       0    1   24 RBSet< Key, LessKey > find       rand   1000000    10000 Times:  real: 0.265123 user: 0.270000 sys: 0.000000
TimeIt:
@(#) libStlUtils - 3.02.04
    TimeIt - ../arch/Unix/src/TimeIt.C - Compiled: Jul 25 1997 11:30:42
    CVS Tag: PROD_3_02
    $Id$
    Good
    real time diff:              0.265123
    user time diff:              0.270000
    sys time diff:               0.000000
    max rss diff:                0
    shared mem size diff:    38772
    data size diff:         225504
    stack size diff:             0
    page reclaims diff:        311
    page faults diff:            0
    swaps diff:                  0
    in block diff:               0
    out block diff:              0
    msgs sent diff:              0
    msgs rcvd diff:              0
    signals diff:                0
    vol ctx swt diff:            0
    invol ctx swt diff:          0

07/27/97 10:04:01 DEBUG LogPerfData.C:89 prb.3_2     3 of  5 mdd       0    1   24 RBSet< Key, LessKey > find       rand   1000000    10000 Times:  real: 0.246903 user: 0.240000 sys: 0.000000
TimeIt:
@(#) libStlUtils - 3.02.04
    TimeIt - ../arch/Unix/src/TimeIt.C - Compiled: Jul 25 1997 11:30:42
    CVS Tag: PROD_3_02
    $Id$
    Good
    real time diff:              0.246903
    user time diff:              0.240000
    sys time diff:               0.000000
    max rss diff:                0
    shared mem size diff:    34464
    data size diff:         200448
    stack size diff:             0
    page reclaims diff:         26
    page faults diff:            0
    swaps diff:                  0
    in block diff:               0
    out block diff:              0
    msgs sent diff:              0
    msgs rcvd diff:              0
    signals diff:                0
    vol ctx swt diff:            0
    invol ctx swt diff:          0

07/27/97 10:04:04 DEBUG LogPerfData.C:89 prb.3_2     4 of  5 mdd       0    1   24 RBSet< Key, LessKey > find       rand   1000000    10000 Times:  real: 0.245368 user: 0.250000 sys: 0.000000
TimeIt:
@(#) libStlUtils - 3.02.04
    TimeIt - ../arch/Unix/src/TimeIt.C - Compiled: Jul 25 1997 11:30:42
    CVS Tag: PROD_3_02
    $Id$
    Good
    real time diff:              0.245368
    user time diff:              0.250000
    sys time diff:               0.000000
    max rss diff:                0
    shared mem size diff:    35900
    data size diff:         208800
    stack size diff:             0
    page reclaims diff:          1
    page faults diff:            0
    swaps diff:                  0
    in block diff:               0
    out block diff:              0
    msgs sent diff:              0
    msgs rcvd diff:              0
    signals diff:                0
    vol ctx swt diff:            0
    invol ctx swt diff:          0

07/27/97 10:04:06 DEBUG LogPerfData.C:89 prb.3_2     5 of  5 mdd       0    1   24 RBSet< Key, LessKey > find       rand   1000000    10000 Times:  real: 0.268623 user: 0.270000 sys: 0.000000
TimeIt:
@(#) libStlUtils - 3.02.04
    TimeIt - ../arch/Unix/src/TimeIt.C - Compiled: Jul 25 1997 11:30:42
    CVS Tag: PROD_3_02
    $Id$
    Good
    real time diff:              0.268623
    user time diff:              0.270000
    sys time diff:               0.000000
    max rss diff:                0
    shared mem size diff:    38772
    data size diff:         225504
    stack size diff:             0
    page reclaims diff:          1
    page faults diff:            0
    swaps diff:                  0
    in block diff:               0
    out block diff:              0
    msgs sent diff:              0
    msgs rcvd diff:              0
    signals diff:                0
    vol ctx swt diff:            0
    invol ctx swt diff:          0

07/27/97 10:04:06 DEBUG PerfTable.INC:146 RBSet< Key, LessKey >:
@(#) libMdb - 1.01.01.a.01
    RBTreeBase - RBTreeBase.C - Compiled: Jul 25 1997 12:07:56
    CVS Tag: ALPHA_1_01
    $Id$
    Good
    table:Good
    table:mgr:Good
    table:mgr:mem::Good
    table:mgr:mem::MapMemDynamic::Good
    table:mgr:mem::MapMemDynamic::MapMem::Good
    table:mgr:mem::MapMemDynamic::MapMem::MapFile::Good
    table:mgr:mem::MapMemDynamic::MapMem::MapFile::name:          ../data/PerfRBSet.mdd.4.rbt
    table:mgr:mem::MapMemDynamic::MapMem::MapFile::perm:          -rw-rw-r--
    table:mgr:mem::MapMemDynamic::MapMem::MapFile::owner/group:   houghton/tools
    table:mgr:mem::MapMemDynamic::MapMem::MapFile::access:        R
    table:mgr:mem::MapMemDynamic::MapMem::MapFile::map size:      32002048
    table:mgr:mem::MapMemDynamic::MapMem::MapFile::base addr:     0x30000000
    table:mgr:mem::MapMemDynamic::MapMem::MapFile::end addr:      0x31e85000
    table:mgr:mem::MapMemDynamic::MapMem::MapFile::page size:     4096
    table:mgr:mem::MapMemDynamic::MapMem::version:  1296319493
    table:mgr:mem::MapMemDynamic::MapMem::type:     Dynamic addr
    table:mgr:mem::MapMemDynamic::MapMem::map to:   0x0
    table:mgr:mem::MapMemDynamic::MapMem::map size: 32002048
    table:mgr:mem::MapMemDynamic::MapMem::owner:    0
    table:mgr:mem::MapMemDynamic::allocCount:   1000001
    table:mgr:mem::MapMemDynamic::freeCount:    1
    table:mgr:mem::MapMemDynamic::key( 0):      132
    table:mgr:mem::minChunkSize: 32
    table:mgr:mem::allocSize:    4096
    table:mgr:mem::chunkSize:    32000036
    table:mgr:mem::freeSize:     1888
    table:mgr:mem::next:         124
    table:mgr:mem::prev:         32000160
    table:mgr:mem::freeNext:     32000160
    table:mgr:mem::freePrev:     32000160
    table:headerLoc:       132
    table:version:         1382437889
    table:count:           1000000
    table:first:           164
    table:last:            32000136

07/27/97 11:03:44 DEBUG LogPerfData.C:89 prb.3_2     1 of  5 mdd       0    1   24 RBSet< Key, LessKey > find       asc    1000000  1000000 Times:  real: 17.006076 user: 16.860000 sys: 0.000000
TimeIt:
@(#) libStlUtils - 3.02.04
    TimeIt - ../arch/Unix/src/TimeIt.C - Compiled: Jul 25 1997 11:30:42
    CVS Tag: PROD_3_02
    $Id$
    Good
    real time diff:             17.006076
    user time diff:             16.860000
    sys time diff:               0.000000
    max rss diff:               12
    shared mem size diff:  2421096
    data size diff:         607716
    stack size diff:             0
    page reclaims diff:       7812
    page faults diff:            0
    swaps diff:                  0
    in block diff:               0
    out block diff:              0
    msgs sent diff:              0
    msgs rcvd diff:              0
    signals diff:                0
    vol ctx swt diff:            0
    invol ctx swt diff:         28

07/27/97 11:04:00 DEBUG LogPerfData.C:89 prb.3_2     2 of  5 mdd       0    1   24 RBSet< Key, LessKey > find       asc    1000000  1000000 Times:  real: 16.421498 user: 16.430000 sys: 0.000000
TimeIt:
@(#) libStlUtils - 3.02.04
    TimeIt - ../arch/Unix/src/TimeIt.C - Compiled: Jul 25 1997 11:30:42
    CVS Tag: PROD_3_02
    $Id$
    Good
    real time diff:             16.421498
    user time diff:             16.430000
    sys time diff:               0.000000
    max rss diff:                0
    shared mem size diff:  2359348
    data size diff:         604624
    stack size diff:             0
    page reclaims diff:          0
    page faults diff:            0
    swaps diff:                  0
    in block diff:               0
    out block diff:              0
    msgs sent diff:              0
    msgs rcvd diff:              0
    signals diff:                0
    vol ctx swt diff:            0
    invol ctx swt diff:          6

07/27/97 11:04:17 DEBUG LogPerfData.C:89 prb.3_2     3 of  5 mdd       0    1   24 RBSet< Key, LessKey > find       asc    1000000  1000000 Times:  real: 16.624295 user: 16.500000 sys: 0.000000
TimeIt:
@(#) libStlUtils - 3.02.04
    TimeIt - ../arch/Unix/src/TimeIt.C - Compiled: Jul 25 1997 11:30:42
    CVS Tag: PROD_3_02
    $Id$
    Good
    real time diff:             16.624295
    user time diff:             16.500000
    sys time diff:               0.000000
    max rss diff:                0
    shared mem size diff:  2369400
    data size diff:         607200
    stack size diff:             0
    page reclaims diff:          0
    page faults diff:            0
    swaps diff:                  0
    in block diff:               0
    out block diff:              0
    msgs sent diff:              0
    msgs rcvd diff:              0
    signals diff:                0
    vol ctx swt diff:            0
    invol ctx swt diff:         38

07/27/97 11:04:33 DEBUG LogPerfData.C:89 prb.3_2     4 of  5 mdd       0    1   24 RBSet< Key, LessKey > find       asc    1000000  1000000 Times:  real: 16.373854 user: 16.370000 sys: 0.000000
TimeIt:
@(#) libStlUtils - 3.02.04
    TimeIt - ../arch/Unix/src/TimeIt.C - Compiled: Jul 25 1997 11:30:42
    CVS Tag: PROD_3_02
    $Id$
    Good
    real time diff:             16.373854
    user time diff:             16.370000
    sys time diff:               0.000000
    max rss diff:                0
    shared mem size diff:  2350732
    data size diff:         602416
    stack size diff:             0
    page reclaims diff:          0
    page faults diff:            0
    swaps diff:                  0
    in block diff:               0
    out block diff:              0
    msgs sent diff:              0
    msgs rcvd diff:              0
    signals diff:                0
    vol ctx swt diff:            0
    invol ctx swt diff:          0

07/27/97 11:04:49 DEBUG LogPerfData.C:89 prb.3_2     5 of  5 mdd       0    1   24 RBSet< Key, LessKey > find       asc    1000000  1000000 Times:  real: 16.403785 user: 16.410000 sys: 0.000000
TimeIt:
@(#) libStlUtils - 3.02.04
    TimeIt - ../arch/Unix/src/TimeIt.C - Compiled: Jul 25 1997 11:30:42
    CVS Tag: PROD_3_02
    $Id$
    Good
    real time diff:             16.403785
    user time diff:             16.410000
    sys time diff:               0.000000
    max rss diff:                0
    shared mem size diff:  2356476
    data size diff:         603888
    stack size diff:             0
    page reclaims diff:          0
    page faults diff:            0
    swaps diff:                  0
    in block diff:               0
    out block diff:              0
    msgs sent diff:              0
    msgs rcvd diff:              0
    signals diff:                0
    vol ctx swt diff:            0
    invol ctx swt diff:          3

07/27/97 11:04:49 DEBUG PerfTable.INC:146 RBSet< Key, LessKey >:
@(#) libMdb - 1.01.01.a.01
    RBTreeBase - RBTreeBase.C - Compiled: Jul 25 1997 12:07:56
    CVS Tag: ALPHA_1_01
    $Id$
    Good
    table:Good
    table:mgr:Good
    table:mgr:mem::Good
    table:mgr:mem::MapMemDynamic::Good
    table:mgr:mem::MapMemDynamic::MapMem::Good
    table:mgr:mem::MapMemDynamic::MapMem::MapFile::Good
    table:mgr:mem::MapMemDynamic::MapMem::MapFile::name:          ../data/PerfRBSet.mdd.4.rbt
    table:mgr:mem::MapMemDynamic::MapMem::MapFile::perm:          -rw-rw-r--
    table:mgr:mem::MapMemDynamic::MapMem::MapFile::owner/group:   houghton/tools
    table:mgr:mem::MapMemDynamic::MapMem::MapFile::access:        R
    table:mgr:mem::MapMemDynamic::MapMem::MapFile::map size:      32002048
    table:mgr:mem::MapMemDynamic::MapMem::MapFile::base addr:     0x30000000
    table:mgr:mem::MapMemDynamic::MapMem::MapFile::end addr:      0x31e85000
    table:mgr:mem::MapMemDynamic::MapMem::MapFile::page size:     4096
    table:mgr:mem::MapMemDynamic::MapMem::version:  1296319493
    table:mgr:mem::MapMemDynamic::MapMem::type:     Dynamic addr
    table:mgr:mem::MapMemDynamic::MapMem::map to:   0x0
    table:mgr:mem::MapMemDynamic::MapMem::map size: 32002048
    table:mgr:mem::MapMemDynamic::MapMem::owner:    0
    table:mgr:mem::MapMemDynamic::allocCount:   1000001
    table:mgr:mem::MapMemDynamic::freeCount:    1
    table:mgr:mem::MapMemDynamic::key( 0):      132
    table:mgr:mem::minChunkSize: 32
    table:mgr:mem::allocSize:    4096
    table:mgr:mem::chunkSize:    32000036
    table:mgr:mem::freeSize:     1888
    table:mgr:mem::next:         124
    table:mgr:mem::prev:         32000160
    table:mgr:mem::freeNext:     32000160
    table:mgr:mem::freePrev:     32000160
    table:headerLoc:       132
    table:version:         1382437889
    table:count:           1000000
    table:first:           164
    table:last:            32000136

