07/27/97 11:08:41 DEBUG LogPerfData.C:89 prb.5_2     1 of  5 mdd       0    1   24 RBSet< Key, LessKey > find       asc    1000000  1000000 Times:  real: 18.643232 user: 15.280000 sys: 0.000000
TimeIt:
@(#) libStlUtils - 3.02.04
    TimeIt - ../arch/Unix/src/TimeIt.C - Compiled: Jul 25 1997 11:30:42
    CVS Tag: PROD_3_02
    $Id$
    Good
    real time diff:             18.643232
    user time diff:             15.280000
    sys time diff:               0.000000
    max rss diff:                0
    shared mem size diff:  2194208
    data size diff:         562304
    stack size diff:             0
    page reclaims diff:       7812
    page faults diff:            0
    swaps diff:                  0
    in block diff:               0
    out block diff:              0
    msgs sent diff:              0
    msgs rcvd diff:              0
    signals diff:                0
    vol ctx swt diff:            0
    invol ctx swt diff:        444

07/27/97 11:09:00 DEBUG LogPerfData.C:89 prb.5_2     2 of  5 mdd       0    1   24 RBSet< Key, LessKey > find       asc    1000000  1000000 Times:  real: 18.389630 user: 15.020000 sys: 0.000000
TimeIt:
@(#) libStlUtils - 3.02.04
    TimeIt - ../arch/Unix/src/TimeIt.C - Compiled: Jul 25 1997 11:30:42
    CVS Tag: PROD_3_02
    $Id$
    Good
    real time diff:             18.389630
    user time diff:             15.020000
    sys time diff:               0.000000
    max rss diff:                0
    shared mem size diff:  2156872
    data size diff:         558744
    stack size diff:             0
    page reclaims diff:          0
    page faults diff:            0
    swaps diff:                  0
    in block diff:               0
    out block diff:              0
    msgs sent diff:              0
    msgs rcvd diff:              0
    signals diff:                0
    vol ctx swt diff:            0
    invol ctx swt diff:        427

07/27/97 11:09:18 DEBUG LogPerfData.C:89 prb.5_2     3 of  5 mdd       0    1   24 RBSet< Key, LessKey > find       asc    1000000  1000000 Times:  real: 18.082494 user: 14.910000 sys: 0.000000
TimeIt:
@(#) libStlUtils - 3.02.04
    TimeIt - ../arch/Unix/src/TimeIt.C - Compiled: Jul 25 1997 11:30:42
    CVS Tag: PROD_3_02
    $Id$
    Good
    real time diff:             18.082494
    user time diff:             14.910000
    sys time diff:               0.000000
    max rss diff:                0
    shared mem size diff:  2141076
    data size diff:         554652
    stack size diff:             0
    page reclaims diff:          0
    page faults diff:            0
    swaps diff:                  0
    in block diff:               0
    out block diff:              0
    msgs sent diff:              0
    msgs rcvd diff:              0
    signals diff:                0
    vol ctx swt diff:            0
    invol ctx swt diff:        386

07/27/97 11:09:37 DEBUG LogPerfData.C:89 prb.5_2     4 of  5 mdd       0    1   24 RBSet< Key, LessKey > find       asc    1000000  1000000 Times:  real: 19.777958 user: 14.950000 sys: 0.000000
TimeIt:
@(#) libStlUtils - 3.02.04
    TimeIt - ../arch/Unix/src/TimeIt.C - Compiled: Jul 25 1997 11:30:42
    CVS Tag: PROD_3_02
    $Id$
    Good
    real time diff:             19.777958
    user time diff:             14.950000
    sys time diff:               0.000000
    max rss diff:                0
    shared mem size diff:  2146820
    data size diff:         556140
    stack size diff:             0
    page reclaims diff:          0
    page faults diff:            0
    swaps diff:                  0
    in block diff:               0
    out block diff:              0
    msgs sent diff:              0
    msgs rcvd diff:              0
    signals diff:                0
    vol ctx swt diff:            0
    invol ctx swt diff:        571

07/27/97 11:09:56 DEBUG LogPerfData.C:89 prb.5_2     5 of  5 mdd       0    1   24 RBSet< Key, LessKey > find       asc    1000000  1000000 Times:  real: 18.706881 user: 14.990000 sys: 0.000000
TimeIt:
@(#) libStlUtils - 3.02.04
    TimeIt - ../arch/Unix/src/TimeIt.C - Compiled: Jul 25 1997 11:30:42
    CVS Tag: PROD_3_02
    $Id$
    Good
    real time diff:             18.706881
    user time diff:             14.990000
    sys time diff:               0.000000
    max rss diff:                0
    shared mem size diff:  2152564
    data size diff:         557628
    stack size diff:             0
    page reclaims diff:          0
    page faults diff:            0
    swaps diff:                  0
    in block diff:               0
    out block diff:              0
    msgs sent diff:              0
    msgs rcvd diff:              0
    signals diff:                0
    vol ctx swt diff:            0
    invol ctx swt diff:        436

07/27/97 11:09:56 DEBUG PerfTable.INC:146 RBSet< Key, LessKey >:
@(#) libMdb - 1.01.01.a.01
    RBTreeBase - RBTreeBase.C - Compiled: Jul 25 1997 12:07:56
    CVS Tag: ALPHA_1_01
    $Id$
    Good
    table:Good
    table:mgr:Good
    table:mgr:mem::Good
    table:mgr:mem::MapMemDynamic::Good
    table:mgr:mem::MapMemDynamic::MapMem::Good
    table:mgr:mem::MapMemDynamic::MapMem::MapFile::Good
    table:mgr:mem::MapMemDynamic::MapMem::MapFile::name:          ../data/PerfRBSet.mdd.4.rbt
    table:mgr:mem::MapMemDynamic::MapMem::MapFile::perm:          -rw-rw-r--
    table:mgr:mem::MapMemDynamic::MapMem::MapFile::owner/group:   houghton/tools
    table:mgr:mem::MapMemDynamic::MapMem::MapFile::access:        R
    table:mgr:mem::MapMemDynamic::MapMem::MapFile::map size:      32002048
    table:mgr:mem::MapMemDynamic::MapMem::MapFile::base addr:     0x30000000
    table:mgr:mem::MapMemDynamic::MapMem::MapFile::end addr:      0x31e85000
    table:mgr:mem::MapMemDynamic::MapMem::MapFile::page size:     4096
    table:mgr:mem::MapMemDynamic::MapMem::version:  1296319493
    table:mgr:mem::MapMemDynamic::MapMem::type:     Dynamic addr
    table:mgr:mem::MapMemDynamic::MapMem::map to:   0x0
    table:mgr:mem::MapMemDynamic::MapMem::map size: 32002048
    table:mgr:mem::MapMemDynamic::MapMem::owner:    0
    table:mgr:mem::MapMemDynamic::allocCount:   1000001
    table:mgr:mem::MapMemDynamic::freeCount:    1
    table:mgr:mem::MapMemDynamic::key( 0):      132
    table:mgr:mem::minChunkSize: 32
    table:mgr:mem::allocSize:    4096
    table:mgr:mem::chunkSize:    32000036
    table:mgr:mem::freeSize:     1888
    table:mgr:mem::next:         124
    table:mgr:mem::prev:         32000160
    table:mgr:mem::freeNext:     32000160
    table:mgr:mem::freePrev:     32000160
    table:headerLoc:       132
    table:version:         1382437889
    table:count:           1000000
    table:first:           164
    table:last:            32000136

07/27/97 11:12:02 DEBUG LogPerfData.C:89 prb.5_2     1 of  5 mdd       0    1   24 RBSet< Key, LessKey > find       rand   1000000    10000 Times:  real: 0.959898 user: 0.810000 sys: 0.000000
TimeIt:
@(#) libStlUtils - 3.02.04
    TimeIt - ../arch/Unix/src/TimeIt.C - Compiled: Jul 25 1997 11:30:42
    CVS Tag: PROD_3_02
    $Id$
    Good
    real time diff:              0.959898
    user time diff:              0.810000
    sys time diff:               0.000000
    max rss diff:                0
    shared mem size diff:   116316
    data size diff:         675540
    stack size diff:             0
    page reclaims diff:       7473
    page faults diff:            0
    swaps diff:                  0
    in block diff:               0
    out block diff:              0
    msgs sent diff:              0
    msgs rcvd diff:              0
    signals diff:                0
    vol ctx swt diff:            0
    invol ctx swt diff:         21

07/27/97 11:12:05 DEBUG LogPerfData.C:89 prb.5_2     2 of  5 mdd       0    1   24 RBSet< Key, LessKey > find       rand   1000000    10000 Times:  real: 0.305443 user: 0.250000 sys: 0.000000
TimeIt:
@(#) libStlUtils - 3.02.04
    TimeIt - ../arch/Unix/src/TimeIt.C - Compiled: Jul 25 1997 11:30:42
    CVS Tag: PROD_3_02
    $Id$
    Good
    real time diff:              0.305443
    user time diff:              0.250000
    sys time diff:               0.000000
    max rss diff:                0
    shared mem size diff:    35900
    data size diff:         208800
    stack size diff:             0
    page reclaims diff:        311
    page faults diff:            0
    swaps diff:                  0
    in block diff:               0
    out block diff:              0
    msgs sent diff:              0
    msgs rcvd diff:              0
    signals diff:                0
    vol ctx swt diff:            0
    invol ctx swt diff:          6

07/27/97 11:12:08 DEBUG LogPerfData.C:89 prb.5_2     3 of  5 mdd       0    1   24 RBSet< Key, LessKey > find       rand   1000000    10000 Times:  real: 0.307620 user: 0.240000 sys: 0.000000
TimeIt:
@(#) libStlUtils - 3.02.04
    TimeIt - ../arch/Unix/src/TimeIt.C - Compiled: Jul 25 1997 11:30:42
    CVS Tag: PROD_3_02
    $Id$
    Good
    real time diff:              0.307620
    user time diff:              0.240000
    sys time diff:               0.000000
    max rss diff:                0
    shared mem size diff:    34464
    data size diff:         200448
    stack size diff:             0
    page reclaims diff:         26
    page faults diff:            0
    swaps diff:                  0
    in block diff:               0
    out block diff:              0
    msgs sent diff:              0
    msgs rcvd diff:              0
    signals diff:                0
    vol ctx swt diff:            0
    invol ctx swt diff:          9

07/27/97 11:12:11 DEBUG LogPerfData.C:89 prb.5_2     4 of  5 mdd       0    1   24 RBSet< Key, LessKey > find       rand   1000000    10000 Times:  real: 0.282597 user: 0.240000 sys: 0.000000
TimeIt:
@(#) libStlUtils - 3.02.04
    TimeIt - ../arch/Unix/src/TimeIt.C - Compiled: Jul 25 1997 11:30:42
    CVS Tag: PROD_3_02
    $Id$
    Good
    real time diff:              0.282597
    user time diff:              0.240000
    sys time diff:               0.000000
    max rss diff:                0
    shared mem size diff:    34464
    data size diff:         200448
    stack size diff:             0
    page reclaims diff:          1
    page faults diff:            0
    swaps diff:                  0
    in block diff:               0
    out block diff:              0
    msgs sent diff:              0
    msgs rcvd diff:              0
    signals diff:                0
    vol ctx swt diff:            0
    invol ctx swt diff:          7

07/27/97 11:12:14 DEBUG LogPerfData.C:89 prb.5_2     5 of  5 mdd       0    1   24 RBSet< Key, LessKey > find       rand   1000000    10000 Times:  real: 0.291412 user: 0.230000 sys: 0.000000
TimeIt:
@(#) libStlUtils - 3.02.04
    TimeIt - ../arch/Unix/src/TimeIt.C - Compiled: Jul 25 1997 11:30:42
    CVS Tag: PROD_3_02
    $Id$
    Good
    real time diff:              0.291412
    user time diff:              0.230000
    sys time diff:               0.000000
    max rss diff:                0
    shared mem size diff:    33028
    data size diff:         192096
    stack size diff:             0
    page reclaims diff:          1
    page faults diff:            0
    swaps diff:                  0
    in block diff:               0
    out block diff:              0
    msgs sent diff:              0
    msgs rcvd diff:              0
    signals diff:                0
    vol ctx swt diff:            0
    invol ctx swt diff:          7

07/27/97 11:12:14 DEBUG PerfTable.INC:146 RBSet< Key, LessKey >:
@(#) libMdb - 1.01.01.a.01
    RBTreeBase - RBTreeBase.C - Compiled: Jul 25 1997 12:07:56
    CVS Tag: ALPHA_1_01
    $Id$
    Good
    table:Good
    table:mgr:Good
    table:mgr:mem::Good
    table:mgr:mem::MapMemDynamic::Good
    table:mgr:mem::MapMemDynamic::MapMem::Good
    table:mgr:mem::MapMemDynamic::MapMem::MapFile::Good
    table:mgr:mem::MapMemDynamic::MapMem::MapFile::name:          ../data/PerfRBSet.mdd.4.rbt
    table:mgr:mem::MapMemDynamic::MapMem::MapFile::perm:          -rw-rw-r--
    table:mgr:mem::MapMemDynamic::MapMem::MapFile::owner/group:   houghton/tools
    table:mgr:mem::MapMemDynamic::MapMem::MapFile::access:        R
    table:mgr:mem::MapMemDynamic::MapMem::MapFile::map size:      32002048
    table:mgr:mem::MapMemDynamic::MapMem::MapFile::base addr:     0x30000000
    table:mgr:mem::MapMemDynamic::MapMem::MapFile::end addr:      0x31e85000
    table:mgr:mem::MapMemDynamic::MapMem::MapFile::page size:     4096
    table:mgr:mem::MapMemDynamic::MapMem::version:  1296319493
    table:mgr:mem::MapMemDynamic::MapMem::type:     Dynamic addr
    table:mgr:mem::MapMemDynamic::MapMem::map to:   0x0
    table:mgr:mem::MapMemDynamic::MapMem::map size: 32002048
    table:mgr:mem::MapMemDynamic::MapMem::owner:    0
    table:mgr:mem::MapMemDynamic::allocCount:   1000001
    table:mgr:mem::MapMemDynamic::freeCount:    1
    table:mgr:mem::MapMemDynamic::key( 0):      132
    table:mgr:mem::minChunkSize: 32
    table:mgr:mem::allocSize:    4096
    table:mgr:mem::chunkSize:    32000036
    table:mgr:mem::freeSize:     1888
    table:mgr:mem::next:         124
    table:mgr:mem::prev:         32000160
    table:mgr:mem::freeNext:     32000160
    table:mgr:mem::freePrev:     32000160
    table:headerLoc:       132
    table:version:         1382437889
    table:count:           1000000
    table:first:           164
    table:last:            32000136

