07/27/97 11:01:45 DEBUG LogPerfData.C:89 prb.4_4     1 of  5 mdd       0    1   24 RBSet< Key, LessKey > find       asc    1000000  1000000 Times:  real: 16.091079 user: 15.440000 sys: 0.000000
TimeIt:
@(#) libClue - 3.02.04
    TimeIt - ../arch/Unix/src/TimeIt.C - Compiled: Jul 25 1997 11:30:42
    CVS Tag: PROD_3_02
    $Id$
    Good
    real time diff:             16.091079
    user time diff:             15.440000
    sys time diff:               0.000000
    max rss diff:                0
    shared mem size diff:  2217184
    data size diff:         568192
    stack size diff:             0
    page reclaims diff:       7812
    page faults diff:            0
    swaps diff:                  0
    in block diff:               0
    out block diff:              0
    msgs sent diff:              0
    msgs rcvd diff:              0
    signals diff:                0
    vol ctx swt diff:            0
    invol ctx swt diff:        318

07/27/97 11:02:01 DEBUG LogPerfData.C:89 prb.4_4     2 of  5 mdd       0    1   24 RBSet< Key, LessKey > find       asc    1000000  1000000 Times:  real: 15.754229 user: 15.140000 sys: 0.000000
TimeIt:
@(#) libClue - 3.02.04
    TimeIt - ../arch/Unix/src/TimeIt.C - Compiled: Jul 25 1997 11:30:42
    CVS Tag: PROD_3_02
    $Id$
    Good
    real time diff:             15.754229
    user time diff:             15.140000
    sys time diff:               0.000000
    max rss diff:                0
    shared mem size diff:  2174104
    data size diff:         563208
    stack size diff:             0
    page reclaims diff:          0
    page faults diff:            0
    swaps diff:                  0
    in block diff:               0
    out block diff:              0
    msgs sent diff:              0
    msgs rcvd diff:              0
    signals diff:                0
    vol ctx swt diff:            0
    invol ctx swt diff:        543

07/27/97 11:02:17 DEBUG LogPerfData.C:89 prb.4_4     3 of  5 mdd       0    1   24 RBSet< Key, LessKey > find       asc    1000000  1000000 Times:  real: 16.344102 user: 15.230000 sys: 0.000000
TimeIt:
@(#) libClue - 3.02.04
    TimeIt - ../arch/Unix/src/TimeIt.C - Compiled: Jul 25 1997 11:30:42
    CVS Tag: PROD_3_02
    $Id$
    Good
    real time diff:             16.344102
    user time diff:             15.230000
    sys time diff:               0.000000
    max rss diff:                0
    shared mem size diff:  2187028
    data size diff:         566556
    stack size diff:             0
    page reclaims diff:          0
    page faults diff:            0
    swaps diff:                  0
    in block diff:               0
    out block diff:              0
    msgs sent diff:              0
    msgs rcvd diff:              0
    signals diff:                0
    vol ctx swt diff:            0
    invol ctx swt diff:        436

07/27/97 11:02:33 DEBUG LogPerfData.C:89 prb.4_4     4 of  5 mdd       0    1   24 RBSet< Key, LessKey > find       asc    1000000  1000000 Times:  real: 15.298083 user: 15.140000 sys: 0.000000
TimeIt:
@(#) libClue - 3.02.04
    TimeIt - ../arch/Unix/src/TimeIt.C - Compiled: Jul 25 1997 11:30:42
    CVS Tag: PROD_3_02
    $Id$
    Good
    real time diff:             15.298083
    user time diff:             15.140000
    sys time diff:               0.000000
    max rss diff:                0
    shared mem size diff:  2174104
    data size diff:         563208
    stack size diff:             0
    page reclaims diff:          0
    page faults diff:            0
    swaps diff:                  0
    in block diff:               0
    out block diff:              0
    msgs sent diff:              0
    msgs rcvd diff:              0
    signals diff:                0
    vol ctx swt diff:            0
    invol ctx swt diff:         45

07/27/97 11:02:48 DEBUG LogPerfData.C:89 prb.4_4     5 of  5 mdd       0    1   24 RBSet< Key, LessKey > find       asc    1000000  1000000 Times:  real: 15.422601 user: 15.270000 sys: 0.000000
TimeIt:
@(#) libClue - 3.02.04
    TimeIt - ../arch/Unix/src/TimeIt.C - Compiled: Jul 25 1997 11:30:42
    CVS Tag: PROD_3_02
    $Id$
    Good
    real time diff:             15.422601
    user time diff:             15.270000
    sys time diff:               0.000000
    max rss diff:                0
    shared mem size diff:  2192772
    data size diff:         568044
    stack size diff:             0
    page reclaims diff:          0
    page faults diff:            0
    swaps diff:                  0
    in block diff:               0
    out block diff:              0
    msgs sent diff:              0
    msgs rcvd diff:              0
    signals diff:                0
    vol ctx swt diff:            0
    invol ctx swt diff:        116

07/27/97 11:02:48 DEBUG PerfTable.INC:146 RBSet< Key, LessKey >:
@(#) libMdb - 1.01.01.a.01
    RBTreeBase - RBTreeBase.C - Compiled: Jul 25 1997 12:07:56
    CVS Tag: ALPHA_1_01
    $Id$
    Good
    table:Good
    table:mgr:Good
    table:mgr:mem::Good
    table:mgr:mem::MapMemDynamic::Good
    table:mgr:mem::MapMemDynamic::MapMem::Good
    table:mgr:mem::MapMemDynamic::MapMem::MapFile::Good
    table:mgr:mem::MapMemDynamic::MapMem::MapFile::name:          ../data/PerfRBSet.mdd.4.rbt
    table:mgr:mem::MapMemDynamic::MapMem::MapFile::perm:          -rw-rw-r--
    table:mgr:mem::MapMemDynamic::MapMem::MapFile::owner/group:   houghton/tools
    table:mgr:mem::MapMemDynamic::MapMem::MapFile::access:        R
    table:mgr:mem::MapMemDynamic::MapMem::MapFile::map size:      32002048
    table:mgr:mem::MapMemDynamic::MapMem::MapFile::base addr:     0x30000000
    table:mgr:mem::MapMemDynamic::MapMem::MapFile::end addr:      0x31e85000
    table:mgr:mem::MapMemDynamic::MapMem::MapFile::page size:     4096
    table:mgr:mem::MapMemDynamic::MapMem::version:  1296319493
    table:mgr:mem::MapMemDynamic::MapMem::type:     Dynamic addr
    table:mgr:mem::MapMemDynamic::MapMem::map to:   0x0
    table:mgr:mem::MapMemDynamic::MapMem::map size: 32002048
    table:mgr:mem::MapMemDynamic::MapMem::owner:    0
    table:mgr:mem::MapMemDynamic::allocCount:   1000001
    table:mgr:mem::MapMemDynamic::freeCount:    1
    table:mgr:mem::MapMemDynamic::key( 0):      132
    table:mgr:mem::minChunkSize: 32
    table:mgr:mem::allocSize:    4096
    table:mgr:mem::chunkSize:    32000036
    table:mgr:mem::freeSize:     1888
    table:mgr:mem::next:         124
    table:mgr:mem::prev:         32000160
    table:mgr:mem::freeNext:     32000160
    table:mgr:mem::freePrev:     32000160
    table:headerLoc:       132
    table:version:         1382437889
    table:count:           1000000
    table:first:           164
    table:last:            32000136

07/27/97 11:05:45 DEBUG LogPerfData.C:89 prb.4_4     1 of  5 mdd       0    1   24 RBSet< Key, LessKey > find       asc    1000000  1000000 Times:  real: 15.845192 user: 15.550000 sys: 0.000000
TimeIt:
@(#) libClue - 3.02.04
    TimeIt - ../arch/Unix/src/TimeIt.C - Compiled: Jul 25 1997 11:30:42
    CVS Tag: PROD_3_02
    $Id$
    Good
    real time diff:             15.845192
    user time diff:             15.550000
    sys time diff:               0.000000
    max rss diff:                0
    shared mem size diff:  2232980
    data size diff:         547360
    stack size diff:             0
    page reclaims diff:       7812
    page faults diff:            0
    swaps diff:                  0
    in block diff:               0
    out block diff:              0
    msgs sent diff:              0
    msgs rcvd diff:              0
    signals diff:                0
    vol ctx swt diff:            0
    invol ctx swt diff:         85

07/27/97 11:06:01 DEBUG LogPerfData.C:89 prb.4_4     2 of  5 mdd       0    1   24 RBSet< Key, LessKey > find       asc    1000000  1000000 Times:  real: 15.196610 user: 15.120000 sys: 0.000000
TimeIt:
@(#) libClue - 3.02.04
    TimeIt - ../arch/Unix/src/TimeIt.C - Compiled: Jul 25 1997 11:30:42
    CVS Tag: PROD_3_02
    $Id$
    Good
    real time diff:             15.196610
    user time diff:             15.120000
    sys time diff:               0.000000
    max rss diff:                0
    shared mem size diff:  2171232
    data size diff:         538272
    stack size diff:             0
    page reclaims diff:          0
    page faults diff:            0
    swaps diff:                  0
    in block diff:               0
    out block diff:              0
    msgs sent diff:              0
    msgs rcvd diff:              0
    signals diff:                0
    vol ctx swt diff:            0
    invol ctx swt diff:         70

07/27/97 11:06:16 DEBUG LogPerfData.C:89 prb.4_4     3 of  5 mdd       0    1   24 RBSet< Key, LessKey > find       asc    1000000  1000000 Times:  real: 15.260214 user: 15.130000 sys: 0.000000
TimeIt:
@(#) libClue - 3.02.04
    TimeIt - ../arch/Unix/src/TimeIt.C - Compiled: Jul 25 1997 11:30:42
    CVS Tag: PROD_3_02
    $Id$
    Good
    real time diff:             15.260214
    user time diff:             15.130000
    sys time diff:               0.000000
    max rss diff:                0
    shared mem size diff:  2172668
    data size diff:         538628
    stack size diff:             0
    page reclaims diff:          0
    page faults diff:            0
    swaps diff:                  0
    in block diff:               0
    out block diff:              0
    msgs sent diff:              0
    msgs rcvd diff:              0
    signals diff:                0
    vol ctx swt diff:            0
    invol ctx swt diff:         25

07/27/97 11:06:31 DEBUG LogPerfData.C:89 prb.4_4     4 of  5 mdd       0    1   24 RBSet< Key, LessKey > find       asc    1000000  1000000 Times:  real: 15.195706 user: 15.130000 sys: 0.000000
TimeIt:
@(#) libClue - 3.02.04
    TimeIt - ../arch/Unix/src/TimeIt.C - Compiled: Jul 25 1997 11:30:42
    CVS Tag: PROD_3_02
    $Id$
    Good
    real time diff:             15.195706
    user time diff:             15.130000
    sys time diff:               0.000000
    max rss diff:                0
    shared mem size diff:  2172668
    data size diff:         538628
    stack size diff:             0
    page reclaims diff:          0
    page faults diff:            0
    swaps diff:                  0
    in block diff:               0
    out block diff:              0
    msgs sent diff:              0
    msgs rcvd diff:              0
    signals diff:                0
    vol ctx swt diff:            0
    invol ctx swt diff:         55

07/27/97 11:06:46 DEBUG LogPerfData.C:89 prb.4_4     5 of  5 mdd       0    1   24 RBSet< Key, LessKey > find       asc    1000000  1000000 Times:  real: 15.172167 user: 15.130000 sys: 0.000000
TimeIt:
@(#) libClue - 3.02.04
    TimeIt - ../arch/Unix/src/TimeIt.C - Compiled: Jul 25 1997 11:30:42
    CVS Tag: PROD_3_02
    $Id$
    Good
    real time diff:             15.172167
    user time diff:             15.130000
    sys time diff:               0.000000
    max rss diff:                0
    shared mem size diff:  2172668
    data size diff:         538628
    stack size diff:             0
    page reclaims diff:          0
    page faults diff:            0
    swaps diff:                  0
    in block diff:               0
    out block diff:              0
    msgs sent diff:              0
    msgs rcvd diff:              0
    signals diff:                0
    vol ctx swt diff:            0
    invol ctx swt diff:         44

07/27/97 11:06:46 DEBUG PerfTable.INC:146 RBSet< Key, LessKey >:
@(#) libMdb - 1.01.01.a.01
    RBTreeBase - RBTreeBase.C - Compiled: Jul 25 1997 12:07:56
    CVS Tag: ALPHA_1_01
    $Id$
    Good
    table:Good
    table:mgr:Good
    table:mgr:mem::Good
    table:mgr:mem::MapMemDynamic::Good
    table:mgr:mem::MapMemDynamic::MapMem::Good
    table:mgr:mem::MapMemDynamic::MapMem::MapFile::Good
    table:mgr:mem::MapMemDynamic::MapMem::MapFile::name:          ../data/PerfRBSet.mdd.4.rbt
    table:mgr:mem::MapMemDynamic::MapMem::MapFile::perm:          -rw-rw-r--
    table:mgr:mem::MapMemDynamic::MapMem::MapFile::owner/group:   houghton/tools
    table:mgr:mem::MapMemDynamic::MapMem::MapFile::access:        R
    table:mgr:mem::MapMemDynamic::MapMem::MapFile::map size:      32002048
    table:mgr:mem::MapMemDynamic::MapMem::MapFile::base addr:     0x30000000
    table:mgr:mem::MapMemDynamic::MapMem::MapFile::end addr:      0x31e85000
    table:mgr:mem::MapMemDynamic::MapMem::MapFile::page size:     4096
    table:mgr:mem::MapMemDynamic::MapMem::version:  1296319493
    table:mgr:mem::MapMemDynamic::MapMem::type:     Dynamic addr
    table:mgr:mem::MapMemDynamic::MapMem::map to:   0x0
    table:mgr:mem::MapMemDynamic::MapMem::map size: 32002048
    table:mgr:mem::MapMemDynamic::MapMem::owner:    0
    table:mgr:mem::MapMemDynamic::allocCount:   1000001
    table:mgr:mem::MapMemDynamic::freeCount:    1
    table:mgr:mem::MapMemDynamic::key( 0):      132
    table:mgr:mem::minChunkSize: 32
    table:mgr:mem::allocSize:    4096
    table:mgr:mem::chunkSize:    32000036
    table:mgr:mem::freeSize:     1888
    table:mgr:mem::next:         124
    table:mgr:mem::prev:         32000160
    table:mgr:mem::freeNext:     32000160
    table:mgr:mem::freePrev:     32000160
    table:headerLoc:       132
    table:version:         1382437889
    table:count:           1000000
    table:first:           164
    table:last:            32000136

07/27/97 11:07:29 DEBUG LogPerfData.C:89 prb.4_4     1 of  5 mdd       0    1   24 RBSet< Key, LessKey > find       rand   1000000    10000 Times:  real: 0.843706 user: 0.840000 sys: 0.000000
TimeIt:
@(#) libClue - 3.02.04
    TimeIt - ../arch/Unix/src/TimeIt.C - Compiled: Jul 25 1997 11:30:42
    CVS Tag: PROD_3_02
    $Id$
    Good
    real time diff:              0.843706
    user time diff:              0.840000
    sys time diff:               0.000000
    max rss diff:                0
    shared mem size diff:   120624
    data size diff:         700560
    stack size diff:             0
    page reclaims diff:       7473
    page faults diff:            0
    swaps diff:                  0
    in block diff:               0
    out block diff:              0
    msgs sent diff:              0
    msgs rcvd diff:              0
    signals diff:                0
    vol ctx swt diff:            0
    invol ctx swt diff:          1

07/27/97 11:07:31 DEBUG LogPerfData.C:89 prb.4_4     2 of  5 mdd       0    1   24 RBSet< Key, LessKey > find       rand   1000000    10000 Times:  real: 0.264071 user: 0.260000 sys: 0.000000
TimeIt:
@(#) libClue - 3.02.04
    TimeIt - ../arch/Unix/src/TimeIt.C - Compiled: Jul 25 1997 11:30:42
    CVS Tag: PROD_3_02
    $Id$
    Good
    real time diff:              0.264071
    user time diff:              0.260000
    sys time diff:               0.000000
    max rss diff:                0
    shared mem size diff:    37336
    data size diff:         217152
    stack size diff:             0
    page reclaims diff:        311
    page faults diff:            0
    swaps diff:                  0
    in block diff:               0
    out block diff:              0
    msgs sent diff:              0
    msgs rcvd diff:              0
    signals diff:                0
    vol ctx swt diff:            0
    invol ctx swt diff:          2

07/27/97 11:07:33 DEBUG LogPerfData.C:89 prb.4_4     3 of  5 mdd       0    1   24 RBSet< Key, LessKey > find       rand   1000000    10000 Times:  real: 0.248992 user: 0.250000 sys: 0.000000
TimeIt:
@(#) libClue - 3.02.04
    TimeIt - ../arch/Unix/src/TimeIt.C - Compiled: Jul 25 1997 11:30:42
    CVS Tag: PROD_3_02
    $Id$
    Good
    real time diff:              0.248992
    user time diff:              0.250000
    sys time diff:               0.000000
    max rss diff:                0
    shared mem size diff:    35900
    data size diff:         208800
    stack size diff:             0
    page reclaims diff:         26
    page faults diff:            0
    swaps diff:                  0
    in block diff:               0
    out block diff:              0
    msgs sent diff:              0
    msgs rcvd diff:              0
    signals diff:                0
    vol ctx swt diff:            0
    invol ctx swt diff:          0

07/27/97 11:07:36 DEBUG LogPerfData.C:89 prb.4_4     4 of  5 mdd       0    1   24 RBSet< Key, LessKey > find       rand   1000000    10000 Times:  real: 0.247676 user: 0.250000 sys: 0.000000
TimeIt:
@(#) libClue - 3.02.04
    TimeIt - ../arch/Unix/src/TimeIt.C - Compiled: Jul 25 1997 11:30:42
    CVS Tag: PROD_3_02
    $Id$
    Good
    real time diff:              0.247676
    user time diff:              0.250000
    sys time diff:               0.000000
    max rss diff:                0
    shared mem size diff:    35900
    data size diff:         208800
    stack size diff:             0
    page reclaims diff:          1
    page faults diff:            0
    swaps diff:                  0
    in block diff:               0
    out block diff:              0
    msgs sent diff:              0
    msgs rcvd diff:              0
    signals diff:                0
    vol ctx swt diff:            0
    invol ctx swt diff:          0

07/27/97 11:07:38 DEBUG LogPerfData.C:89 prb.4_4     5 of  5 mdd       0    1   24 RBSet< Key, LessKey > find       rand   1000000    10000 Times:  real: 0.252788 user: 0.250000 sys: 0.000000
TimeIt:
@(#) libClue - 3.02.04
    TimeIt - ../arch/Unix/src/TimeIt.C - Compiled: Jul 25 1997 11:30:42
    CVS Tag: PROD_3_02
    $Id$
    Good
    real time diff:              0.252788
    user time diff:              0.250000
    sys time diff:               0.000000
    max rss diff:                0
    shared mem size diff:    35900
    data size diff:         208800
    stack size diff:             0
    page reclaims diff:          1
    page faults diff:            0
    swaps diff:                  0
    in block diff:               0
    out block diff:              0
    msgs sent diff:              0
    msgs rcvd diff:              0
    signals diff:                0
    vol ctx swt diff:            0
    invol ctx swt diff:          3

07/27/97 11:07:38 DEBUG PerfTable.INC:146 RBSet< Key, LessKey >:
@(#) libMdb - 1.01.01.a.01
    RBTreeBase - RBTreeBase.C - Compiled: Jul 25 1997 12:07:56
    CVS Tag: ALPHA_1_01
    $Id$
    Good
    table:Good
    table:mgr:Good
    table:mgr:mem::Good
    table:mgr:mem::MapMemDynamic::Good
    table:mgr:mem::MapMemDynamic::MapMem::Good
    table:mgr:mem::MapMemDynamic::MapMem::MapFile::Good
    table:mgr:mem::MapMemDynamic::MapMem::MapFile::name:          ../data/PerfRBSet.mdd.4.rbt
    table:mgr:mem::MapMemDynamic::MapMem::MapFile::perm:          -rw-rw-r--
    table:mgr:mem::MapMemDynamic::MapMem::MapFile::owner/group:   houghton/tools
    table:mgr:mem::MapMemDynamic::MapMem::MapFile::access:        R
    table:mgr:mem::MapMemDynamic::MapMem::MapFile::map size:      32002048
    table:mgr:mem::MapMemDynamic::MapMem::MapFile::base addr:     0x30000000
    table:mgr:mem::MapMemDynamic::MapMem::MapFile::end addr:      0x31e85000
    table:mgr:mem::MapMemDynamic::MapMem::MapFile::page size:     4096
    table:mgr:mem::MapMemDynamic::MapMem::version:  1296319493
    table:mgr:mem::MapMemDynamic::MapMem::type:     Dynamic addr
    table:mgr:mem::MapMemDynamic::MapMem::map to:   0x0
    table:mgr:mem::MapMemDynamic::MapMem::map size: 32002048
    table:mgr:mem::MapMemDynamic::MapMem::owner:    0
    table:mgr:mem::MapMemDynamic::allocCount:   1000001
    table:mgr:mem::MapMemDynamic::freeCount:    1
    table:mgr:mem::MapMemDynamic::key( 0):      132
    table:mgr:mem::minChunkSize: 32
    table:mgr:mem::allocSize:    4096
    table:mgr:mem::chunkSize:    32000036
    table:mgr:mem::freeSize:     1888
    table:mgr:mem::next:         124
    table:mgr:mem::prev:         32000160
    table:mgr:mem::freeNext:     32000160
    table:mgr:mem::freePrev:     32000160
    table:headerLoc:       132
    table:version:         1382437889
    table:count:           1000000
    table:first:           164
    table:last:            32000136

